2022-03-28 21:29:31,455:INFO:PyCaret Supervised Module
2022-03-28 21:29:31,456:INFO:ML Usecase: classification
2022-03-28 21:29:31,456:INFO:version 2.3.5
2022-03-28 21:29:31,456:INFO:Initializing setup()
2022-03-28 21:29:31,456:INFO:setup(target=Churn, ml_usecase=classification, available_plots={'parameter': 'Hyperparameters', 'auc': 'AUC', 'confusion_matrix': 'Confusion Matrix', 'threshold': 'Threshold', 'pr': 'Precision Recall', 'error': 'Prediction Error', 'class_report': 'Class Report', 'rfe': 'Feature Selection', 'learning': 'Learning Curve', 'manifold': 'Manifold Learning', 'calibration': 'Calibration Curve', 'vc': 'Validation Curve', 'dimension': 'Dimensions', 'feature': 'Feature Importance', 'feature_all': 'Feature Importance (All)', 'boundary': 'Decision Boundary', 'lift': 'Lift Chart', 'gain': 'Gain Chart', 'tree': 'Decision Tree', 'ks': 'KS Statistic Plot'}, train_size=0.7, test_data=None, preprocess=True, imputation_type=simple, iterative_imputation_iters=5, categorical_features=None, categorical_imputation=constant, categorical_iterative_imputer=lightgbm, ordinal_features=None, high_cardinality_features=None, high_cardinality_method=frequency, numeric_features=None, numeric_imputation=mean, numeric_iterative_imputer=lightgbm, date_features=None, ignore_features=None, normalize=False, normalize_method=zscore, transformation=False, transformation_method=yeo-johnson, handle_unknown_categorical=True, unknown_categorical_method=least_frequent, pca=False, pca_method=linear, pca_components=None, ignore_low_variance=False, combine_rare_levels=False, rare_level_threshold=0.1, bin_numeric_features=None, remove_outliers=False, outliers_threshold=0.05, remove_multicollinearity=False, multicollinearity_threshold=0.9, remove_perfect_collinearity=True, create_clusters=False, cluster_iter=20, polynomial_features=False, polynomial_degree=2, trigonometry_features=False, polynomial_threshold=0.1, group_features=None, group_names=None, feature_selection=False, feature_selection_threshold=0.8, feature_selection_method=classic, feature_interaction=False, feature_ratio=False, interaction_threshold=0.01, fix_imbalance=False, fix_imbalance_method=None, transform_target=False, transform_target_method=box-cox, data_split_shuffle=True, data_split_stratify=False, fold_strategy=stratifiedkfold, fold=10, fold_shuffle=False, fold_groups=None, n_jobs=-1, use_gpu=False, custom_pipeline=None, html=True, session_id=123, log_experiment=False, experiment_name=None, log_plots=False, log_profile=False, log_data=False, silent=False, verbose=True, profile=False, profile_kwargs=None, display=None)
2022-03-28 21:29:31,457:INFO:Checking environment
2022-03-28 21:29:31,457:INFO:python_version: 3.8.12
2022-03-28 21:29:31,457:INFO:python_build: ('default', 'Oct 12 2021 03:01:40')
2022-03-28 21:29:31,457:INFO:machine: AMD64
2022-03-28 21:29:31,457:INFO:platform: Windows-10-10.0.22000-SP0
2022-03-28 21:29:31,457:INFO:Memory: svmem(total=12710350848, available=2383777792, percent=81.2, used=10326573056, free=2383777792)
2022-03-28 21:29:31,457:INFO:Physical Core: 4
2022-03-28 21:29:31,457:INFO:Logical Core: 8
2022-03-28 21:29:31,458:INFO:Checking libraries
2022-03-28 21:29:31,458:INFO:pd==1.3.4
2022-03-28 21:29:31,458:INFO:numpy==1.19.5
2022-03-28 21:29:31,458:INFO:sklearn==1.0.1
2022-03-28 21:30:36,250:INFO:PyCaret Supervised Module
2022-03-28 21:30:36,250:INFO:ML Usecase: classification
2022-03-28 21:30:36,250:INFO:version 2.3.5
2022-03-28 21:30:36,250:INFO:Initializing setup()
2022-03-28 21:30:36,251:INFO:setup(target=Churn, ml_usecase=classification, available_plots={'parameter': 'Hyperparameters', 'auc': 'AUC', 'confusion_matrix': 'Confusion Matrix', 'threshold': 'Threshold', 'pr': 'Precision Recall', 'error': 'Prediction Error', 'class_report': 'Class Report', 'rfe': 'Feature Selection', 'learning': 'Learning Curve', 'manifold': 'Manifold Learning', 'calibration': 'Calibration Curve', 'vc': 'Validation Curve', 'dimension': 'Dimensions', 'feature': 'Feature Importance', 'feature_all': 'Feature Importance (All)', 'boundary': 'Decision Boundary', 'lift': 'Lift Chart', 'gain': 'Gain Chart', 'tree': 'Decision Tree', 'ks': 'KS Statistic Plot'}, train_size=0.7, test_data=None, preprocess=True, imputation_type=simple, iterative_imputation_iters=5, categorical_features=None, categorical_imputation=constant, categorical_iterative_imputer=lightgbm, ordinal_features=None, high_cardinality_features=None, high_cardinality_method=frequency, numeric_features=None, numeric_imputation=mean, numeric_iterative_imputer=lightgbm, date_features=None, ignore_features=None, normalize=False, normalize_method=zscore, transformation=False, transformation_method=yeo-johnson, handle_unknown_categorical=True, unknown_categorical_method=least_frequent, pca=False, pca_method=linear, pca_components=None, ignore_low_variance=False, combine_rare_levels=False, rare_level_threshold=0.1, bin_numeric_features=None, remove_outliers=False, outliers_threshold=0.05, remove_multicollinearity=False, multicollinearity_threshold=0.9, remove_perfect_collinearity=True, create_clusters=False, cluster_iter=20, polynomial_features=False, polynomial_degree=2, trigonometry_features=False, polynomial_threshold=0.1, group_features=None, group_names=None, feature_selection=False, feature_selection_threshold=0.8, feature_selection_method=classic, feature_interaction=False, feature_ratio=False, interaction_threshold=0.01, fix_imbalance=False, fix_imbalance_method=None, transform_target=False, transform_target_method=box-cox, data_split_shuffle=True, data_split_stratify=False, fold_strategy=stratifiedkfold, fold=10, fold_shuffle=False, fold_groups=None, n_jobs=-1, use_gpu=False, custom_pipeline=None, html=True, session_id=123, log_experiment=False, experiment_name=None, log_plots=False, log_profile=False, log_data=False, silent=False, verbose=True, profile=False, profile_kwargs=None, display=None)
2022-03-28 21:30:36,252:INFO:Checking environment
2022-03-28 21:30:36,252:INFO:python_version: 3.8.12
2022-03-28 21:30:36,252:INFO:python_build: ('default', 'Oct 12 2021 03:01:40')
2022-03-28 21:30:36,253:INFO:machine: AMD64
2022-03-28 21:30:36,253:INFO:platform: Windows-10-10.0.22000-SP0
2022-03-28 21:30:36,253:INFO:Memory: svmem(total=12710350848, available=2178400256, percent=82.9, used=10531950592, free=2178400256)
2022-03-28 21:30:36,253:INFO:Physical Core: 4
2022-03-28 21:30:36,253:INFO:Logical Core: 8
2022-03-28 21:30:36,255:INFO:Checking libraries
2022-03-28 21:30:36,255:INFO:pd==1.3.4
2022-03-28 21:30:36,255:INFO:numpy==1.19.5
2022-03-28 21:30:36,255:INFO:sklearn==0.23.2
2022-03-28 21:30:36,255:INFO:lightgbm==3.3.1
2022-03-28 21:30:36,257:WARNING:catboost not found
2022-03-28 21:30:36,258:WARNING:xgboost not found
2022-03-28 21:30:37,297:INFO:mlflow==1.22.0
2022-03-28 21:30:37,298:INFO:Checking Exceptions
2022-03-28 21:30:37,298:INFO:Declaring global variables
2022-03-28 21:30:37,298:INFO:USI: a097
2022-03-28 21:30:37,298:INFO:pycaret_globals: {'pycaret_globals', 'n_jobs_param', '_gpu_n_jobs_param', 'seed', 'gpu_param', 'imputation_regressor', 'logging_param', '_all_models_internal', 'display_container', 'fix_imbalance_param', 'create_model_container', 'X_test', 'USI', 'data_before_preprocess', 'fold_generator', 'fold_param', 'iterative_imputation_iters_param', 'imputation_classifier', 'y', '_ml_usecase', 'log_plots_param', 'fold_shuffle_param', 'fix_imbalance_method_param', 'transform_target_param', '_all_models', 'fold_groups_param', 'X', 'y_test', 'prep_pipe', 'stratify_param', 'exp_name_log', '_all_metrics', 'experiment__', 'html_param', 'transform_target_method_param', 'master_model_container', 'fold_groups_param_full', 'y_train', 'target_param', 'X_train', '_available_plots', '_internal_pipeline'}
2022-03-28 21:30:37,298:INFO:Preparing display monitor
2022-03-28 21:30:37,298:INFO:Preparing display monitor
2022-03-28 21:30:37,314:INFO:Importing libraries
2022-03-28 21:30:37,315:INFO:Copying data for preprocessing
2022-03-28 21:30:37,325:INFO:Declaring preprocessing parameters
2022-03-28 21:30:37,329:INFO:Creating preprocessing pipeline
2022-03-28 21:30:37,410:INFO:Preprocessing pipeline created successfully
2022-03-28 21:30:37,411:ERROR:(Process Exit): setup has been interupted with user command 'quit'. setup must rerun.
2022-03-28 21:30:37,411:INFO:Creating global containers
2022-03-28 21:30:37,411:INFO:Internal pipeline: Pipeline(memory=None, steps=[('empty_step', 'passthrough')], verbose=False)
2022-03-28 21:30:43,689:WARNING:Couldn't import xgboost.XGBClassifier
2022-03-28 21:30:43,690:WARNING:Couldn't import catboost.CatBoostClassifier
2022-03-28 21:30:43,847:WARNING:Couldn't import xgboost.XGBClassifier
2022-03-28 21:30:43,847:WARNING:Couldn't import catboost.CatBoostClassifier
2022-03-28 21:30:43,848:INFO:Creating grid variables
2022-03-28 21:30:43,868:INFO:create_model_container: 0
2022-03-28 21:30:43,868:INFO:master_model_container: 0
2022-03-28 21:30:43,868:INFO:display_container: 1
2022-03-28 21:33:10,578:INFO:PyCaret Supervised Module
2022-03-28 21:33:10,579:INFO:ML Usecase: classification
2022-03-28 21:33:10,579:INFO:version 2.3.5
2022-03-28 21:33:10,579:INFO:Initializing setup()
2022-03-28 21:33:10,579:INFO:setup(target=Churn, ml_usecase=classification, available_plots={'parameter': 'Hyperparameters', 'auc': 'AUC', 'confusion_matrix': 'Confusion Matrix', 'threshold': 'Threshold', 'pr': 'Precision Recall', 'error': 'Prediction Error', 'class_report': 'Class Report', 'rfe': 'Feature Selection', 'learning': 'Learning Curve', 'manifold': 'Manifold Learning', 'calibration': 'Calibration Curve', 'vc': 'Validation Curve', 'dimension': 'Dimensions', 'feature': 'Feature Importance', 'feature_all': 'Feature Importance (All)', 'boundary': 'Decision Boundary', 'lift': 'Lift Chart', 'gain': 'Gain Chart', 'tree': 'Decision Tree', 'ks': 'KS Statistic Plot'}, train_size=0.7, test_data=None, preprocess=True, imputation_type=simple, iterative_imputation_iters=5, categorical_features=None, categorical_imputation=constant, categorical_iterative_imputer=lightgbm, ordinal_features=None, high_cardinality_features=None, high_cardinality_method=frequency, numeric_features=None, numeric_imputation=mean, numeric_iterative_imputer=lightgbm, date_features=None, ignore_features=None, normalize=False, normalize_method=zscore, transformation=False, transformation_method=yeo-johnson, handle_unknown_categorical=True, unknown_categorical_method=least_frequent, pca=False, pca_method=linear, pca_components=None, ignore_low_variance=False, combine_rare_levels=False, rare_level_threshold=0.1, bin_numeric_features=None, remove_outliers=False, outliers_threshold=0.05, remove_multicollinearity=False, multicollinearity_threshold=0.9, remove_perfect_collinearity=True, create_clusters=False, cluster_iter=20, polynomial_features=False, polynomial_degree=2, trigonometry_features=False, polynomial_threshold=0.1, group_features=None, group_names=None, feature_selection=False, feature_selection_threshold=0.8, feature_selection_method=classic, feature_interaction=False, feature_ratio=False, interaction_threshold=0.01, fix_imbalance=False, fix_imbalance_method=None, transform_target=False, transform_target_method=box-cox, data_split_shuffle=True, data_split_stratify=False, fold_strategy=stratifiedkfold, fold=10, fold_shuffle=False, fold_groups=None, n_jobs=-1, use_gpu=False, custom_pipeline=None, html=True, session_id=123, log_experiment=False, experiment_name=None, log_plots=False, log_profile=False, log_data=False, silent=False, verbose=True, profile=False, profile_kwargs=None, display=None)
2022-03-28 21:33:10,579:INFO:Checking environment
2022-03-28 21:33:10,580:INFO:python_version: 3.8.12
2022-03-28 21:33:10,580:INFO:python_build: ('default', 'Oct 12 2021 03:01:40')
2022-03-28 21:33:10,580:INFO:machine: AMD64
2022-03-28 21:33:10,580:INFO:platform: Windows-10-10.0.22000-SP0
2022-03-28 21:33:10,580:INFO:Memory: svmem(total=12710350848, available=2424315904, percent=80.9, used=10286034944, free=2424315904)
2022-03-28 21:33:10,580:INFO:Physical Core: 4
2022-03-28 21:33:10,580:INFO:Logical Core: 8
2022-03-28 21:33:10,580:INFO:Checking libraries
2022-03-28 21:33:10,581:INFO:pd==1.3.4
2022-03-28 21:33:10,581:INFO:numpy==1.19.5
2022-03-28 21:33:10,581:INFO:sklearn==0.23.2
2022-03-28 21:33:10,581:INFO:lightgbm==3.3.1
2022-03-28 21:33:10,583:WARNING:catboost not found
2022-03-28 21:33:10,584:WARNING:xgboost not found
2022-03-28 21:33:10,585:INFO:mlflow==1.22.0
2022-03-28 21:33:10,585:INFO:Checking Exceptions
2022-03-28 21:33:18,295:INFO:PyCaret Supervised Module
2022-03-28 21:33:18,295:INFO:ML Usecase: classification
2022-03-28 21:33:18,295:INFO:version 2.3.5
2022-03-28 21:33:18,295:INFO:Initializing setup()
2022-03-28 21:33:18,296:INFO:setup(target=Churn_Yes, ml_usecase=classification, available_plots={'parameter': 'Hyperparameters', 'auc': 'AUC', 'confusion_matrix': 'Confusion Matrix', 'threshold': 'Threshold', 'pr': 'Precision Recall', 'error': 'Prediction Error', 'class_report': 'Class Report', 'rfe': 'Feature Selection', 'learning': 'Learning Curve', 'manifold': 'Manifold Learning', 'calibration': 'Calibration Curve', 'vc': 'Validation Curve', 'dimension': 'Dimensions', 'feature': 'Feature Importance', 'feature_all': 'Feature Importance (All)', 'boundary': 'Decision Boundary', 'lift': 'Lift Chart', 'gain': 'Gain Chart', 'tree': 'Decision Tree', 'ks': 'KS Statistic Plot'}, train_size=0.7, test_data=None, preprocess=True, imputation_type=simple, iterative_imputation_iters=5, categorical_features=None, categorical_imputation=constant, categorical_iterative_imputer=lightgbm, ordinal_features=None, high_cardinality_features=None, high_cardinality_method=frequency, numeric_features=None, numeric_imputation=mean, numeric_iterative_imputer=lightgbm, date_features=None, ignore_features=None, normalize=False, normalize_method=zscore, transformation=False, transformation_method=yeo-johnson, handle_unknown_categorical=True, unknown_categorical_method=least_frequent, pca=False, pca_method=linear, pca_components=None, ignore_low_variance=False, combine_rare_levels=False, rare_level_threshold=0.1, bin_numeric_features=None, remove_outliers=False, outliers_threshold=0.05, remove_multicollinearity=False, multicollinearity_threshold=0.9, remove_perfect_collinearity=True, create_clusters=False, cluster_iter=20, polynomial_features=False, polynomial_degree=2, trigonometry_features=False, polynomial_threshold=0.1, group_features=None, group_names=None, feature_selection=False, feature_selection_threshold=0.8, feature_selection_method=classic, feature_interaction=False, feature_ratio=False, interaction_threshold=0.01, fix_imbalance=False, fix_imbalance_method=None, transform_target=False, transform_target_method=box-cox, data_split_shuffle=True, data_split_stratify=False, fold_strategy=stratifiedkfold, fold=10, fold_shuffle=False, fold_groups=None, n_jobs=-1, use_gpu=False, custom_pipeline=None, html=True, session_id=123, log_experiment=False, experiment_name=None, log_plots=False, log_profile=False, log_data=False, silent=False, verbose=True, profile=False, profile_kwargs=None, display=None)
2022-03-28 21:33:18,296:INFO:Checking environment
2022-03-28 21:33:18,298:INFO:python_version: 3.8.12
2022-03-28 21:33:18,298:INFO:python_build: ('default', 'Oct 12 2021 03:01:40')
2022-03-28 21:33:18,298:INFO:machine: AMD64
2022-03-28 21:33:18,298:INFO:platform: Windows-10-10.0.22000-SP0
2022-03-28 21:33:18,298:INFO:Memory: svmem(total=12710350848, available=2328666112, percent=81.7, used=10381684736, free=2328666112)
2022-03-28 21:33:18,298:INFO:Physical Core: 4
2022-03-28 21:33:18,299:INFO:Logical Core: 8
2022-03-28 21:33:18,299:INFO:Checking libraries
2022-03-28 21:33:18,299:INFO:pd==1.3.4
2022-03-28 21:33:18,299:INFO:numpy==1.19.5
2022-03-28 21:33:18,299:INFO:sklearn==0.23.2
2022-03-28 21:33:18,299:INFO:lightgbm==3.3.1
2022-03-28 21:33:18,301:WARNING:catboost not found
2022-03-28 21:33:18,303:WARNING:xgboost not found
2022-03-28 21:33:18,303:INFO:mlflow==1.22.0
2022-03-28 21:33:18,303:INFO:Checking Exceptions
2022-03-28 21:33:18,303:INFO:Declaring global variables
2022-03-28 21:33:18,303:INFO:USI: e66d
2022-03-28 21:33:18,303:INFO:pycaret_globals: {'pycaret_globals', 'n_jobs_param', '_gpu_n_jobs_param', 'seed', 'gpu_param', 'imputation_regressor', 'logging_param', '_all_models_internal', 'display_container', 'fix_imbalance_param', 'create_model_container', 'X_test', 'USI', 'data_before_preprocess', 'fold_generator', 'fold_param', 'iterative_imputation_iters_param', 'imputation_classifier', 'y', '_ml_usecase', 'log_plots_param', 'fold_shuffle_param', 'fix_imbalance_method_param', 'transform_target_param', '_all_models', 'fold_groups_param', 'X', 'y_test', 'prep_pipe', 'stratify_param', 'exp_name_log', '_all_metrics', 'experiment__', 'html_param', 'transform_target_method_param', 'master_model_container', 'fold_groups_param_full', 'y_train', 'target_param', 'X_train', '_available_plots', '_internal_pipeline'}
2022-03-28 21:33:18,303:INFO:Preparing display monitor
2022-03-28 21:33:18,304:INFO:Preparing display monitor
2022-03-28 21:33:18,334:INFO:Importing libraries
2022-03-28 21:33:18,334:INFO:Copying data for preprocessing
2022-03-28 21:33:18,358:INFO:Declaring preprocessing parameters
2022-03-28 21:33:18,361:INFO:Creating preprocessing pipeline
2022-03-28 21:33:18,379:INFO:Preprocessing pipeline created successfully
2022-03-28 21:33:18,379:ERROR:(Process Exit): setup has been interupted with user command 'quit'. setup must rerun.
2022-03-28 21:33:18,380:INFO:Creating global containers
2022-03-28 21:33:18,380:INFO:Internal pipeline: Pipeline(memory=None, steps=[('empty_step', 'passthrough')], verbose=False)
2022-03-28 21:33:20,041:WARNING:Couldn't import xgboost.XGBClassifier
2022-03-28 21:33:20,041:WARNING:Couldn't import catboost.CatBoostClassifier
2022-03-28 21:33:20,128:WARNING:Couldn't import xgboost.XGBClassifier
2022-03-28 21:33:20,130:WARNING:Couldn't import catboost.CatBoostClassifier
2022-03-28 21:33:20,131:INFO:Creating grid variables
2022-03-28 21:33:20,144:INFO:create_model_container: 0
2022-03-28 21:33:20,145:INFO:master_model_container: 0
2022-03-28 21:33:20,145:INFO:display_container: 1
2022-03-28 21:34:22,769:INFO:PyCaret Supervised Module
2022-03-28 21:34:22,770:INFO:ML Usecase: classification
2022-03-28 21:34:22,770:INFO:version 2.3.5
2022-03-28 21:34:22,771:INFO:Initializing setup()
2022-03-28 21:34:22,771:INFO:setup(target=Churn_Yes, ml_usecase=classification, available_plots={'parameter': 'Hyperparameters', 'auc': 'AUC', 'confusion_matrix': 'Confusion Matrix', 'threshold': 'Threshold', 'pr': 'Precision Recall', 'error': 'Prediction Error', 'class_report': 'Class Report', 'rfe': 'Feature Selection', 'learning': 'Learning Curve', 'manifold': 'Manifold Learning', 'calibration': 'Calibration Curve', 'vc': 'Validation Curve', 'dimension': 'Dimensions', 'feature': 'Feature Importance', 'feature_all': 'Feature Importance (All)', 'boundary': 'Decision Boundary', 'lift': 'Lift Chart', 'gain': 'Gain Chart', 'tree': 'Decision Tree', 'ks': 'KS Statistic Plot'}, train_size=0.7, test_data=None, preprocess=True, imputation_type=iterrative, iterative_imputation_iters=5, categorical_features=None, categorical_imputation=constant, categorical_iterative_imputer=lightgbm, ordinal_features=None, high_cardinality_features=None, high_cardinality_method=frequency, numeric_features=None, numeric_imputation=mean, numeric_iterative_imputer=lightgbm, date_features=None, ignore_features=None, normalize=False, normalize_method=zscore, transformation=False, transformation_method=yeo-johnson, handle_unknown_categorical=True, unknown_categorical_method=least_frequent, pca=False, pca_method=linear, pca_components=None, ignore_low_variance=False, combine_rare_levels=False, rare_level_threshold=0.1, bin_numeric_features=None, remove_outliers=False, outliers_threshold=0.05, remove_multicollinearity=False, multicollinearity_threshold=0.9, remove_perfect_collinearity=True, create_clusters=False, cluster_iter=20, polynomial_features=False, polynomial_degree=2, trigonometry_features=False, polynomial_threshold=0.1, group_features=None, group_names=None, feature_selection=False, feature_selection_threshold=0.8, feature_selection_method=classic, feature_interaction=False, feature_ratio=False, interaction_threshold=0.01, fix_imbalance=False, fix_imbalance_method=None, transform_target=False, transform_target_method=box-cox, data_split_shuffle=True, data_split_stratify=False, fold_strategy=stratifiedkfold, fold=10, fold_shuffle=False, fold_groups=None, n_jobs=-1, use_gpu=False, custom_pipeline=None, html=True, session_id=123, log_experiment=False, experiment_name=None, log_plots=False, log_profile=False, log_data=False, silent=False, verbose=True, profile=False, profile_kwargs=None, display=None)
2022-03-28 21:34:22,771:INFO:Checking environment
2022-03-28 21:34:22,772:INFO:python_version: 3.8.12
2022-03-28 21:34:22,773:INFO:python_build: ('default', 'Oct 12 2021 03:01:40')
2022-03-28 21:34:22,773:INFO:machine: AMD64
2022-03-28 21:34:22,773:INFO:platform: Windows-10-10.0.22000-SP0
2022-03-28 21:34:22,773:INFO:Memory: svmem(total=12710350848, available=2251587584, percent=82.3, used=10458763264, free=2251587584)
2022-03-28 21:34:22,773:INFO:Physical Core: 4
2022-03-28 21:34:22,773:INFO:Logical Core: 8
2022-03-28 21:34:22,773:INFO:Checking libraries
2022-03-28 21:34:22,774:INFO:pd==1.3.4
2022-03-28 21:34:22,774:INFO:numpy==1.19.5
2022-03-28 21:34:22,774:INFO:sklearn==0.23.2
2022-03-28 21:34:22,774:INFO:lightgbm==3.3.1
2022-03-28 21:34:22,776:WARNING:catboost not found
2022-03-28 21:34:22,779:WARNING:xgboost not found
2022-03-28 21:34:22,779:INFO:mlflow==1.22.0
2022-03-28 21:34:22,779:INFO:Checking Exceptions
2022-03-28 21:34:40,138:INFO:PyCaret Supervised Module
2022-03-28 21:34:40,139:INFO:ML Usecase: classification
2022-03-28 21:34:40,139:INFO:version 2.3.5
2022-03-28 21:34:40,140:INFO:Initializing setup()
2022-03-28 21:34:40,140:INFO:setup(target=Churn_Yes, ml_usecase=classification, available_plots={'parameter': 'Hyperparameters', 'auc': 'AUC', 'confusion_matrix': 'Confusion Matrix', 'threshold': 'Threshold', 'pr': 'Precision Recall', 'error': 'Prediction Error', 'class_report': 'Class Report', 'rfe': 'Feature Selection', 'learning': 'Learning Curve', 'manifold': 'Manifold Learning', 'calibration': 'Calibration Curve', 'vc': 'Validation Curve', 'dimension': 'Dimensions', 'feature': 'Feature Importance', 'feature_all': 'Feature Importance (All)', 'boundary': 'Decision Boundary', 'lift': 'Lift Chart', 'gain': 'Gain Chart', 'tree': 'Decision Tree', 'ks': 'KS Statistic Plot'}, train_size=0.7, test_data=None, preprocess=True, imputation_type=iterative, iterative_imputation_iters=5, categorical_features=None, categorical_imputation=constant, categorical_iterative_imputer=lightgbm, ordinal_features=None, high_cardinality_features=None, high_cardinality_method=frequency, numeric_features=None, numeric_imputation=mean, numeric_iterative_imputer=lightgbm, date_features=None, ignore_features=None, normalize=False, normalize_method=zscore, transformation=False, transformation_method=yeo-johnson, handle_unknown_categorical=True, unknown_categorical_method=least_frequent, pca=False, pca_method=linear, pca_components=None, ignore_low_variance=False, combine_rare_levels=False, rare_level_threshold=0.1, bin_numeric_features=None, remove_outliers=False, outliers_threshold=0.05, remove_multicollinearity=False, multicollinearity_threshold=0.9, remove_perfect_collinearity=True, create_clusters=False, cluster_iter=20, polynomial_features=False, polynomial_degree=2, trigonometry_features=False, polynomial_threshold=0.1, group_features=None, group_names=None, feature_selection=False, feature_selection_threshold=0.8, feature_selection_method=classic, feature_interaction=False, feature_ratio=False, interaction_threshold=0.01, fix_imbalance=False, fix_imbalance_method=None, transform_target=False, transform_target_method=box-cox, data_split_shuffle=True, data_split_stratify=False, fold_strategy=stratifiedkfold, fold=10, fold_shuffle=False, fold_groups=None, n_jobs=-1, use_gpu=False, custom_pipeline=None, html=True, session_id=123, log_experiment=False, experiment_name=None, log_plots=False, log_profile=False, log_data=False, silent=False, verbose=True, profile=False, profile_kwargs=None, display=None)
2022-03-28 21:34:40,140:INFO:Checking environment
2022-03-28 21:34:40,141:INFO:python_version: 3.8.12
2022-03-28 21:34:40,141:INFO:python_build: ('default', 'Oct 12 2021 03:01:40')
2022-03-28 21:34:40,141:INFO:machine: AMD64
2022-03-28 21:34:40,141:INFO:platform: Windows-10-10.0.22000-SP0
2022-03-28 21:34:40,141:INFO:Memory: svmem(total=12710350848, available=2411393024, percent=81.0, used=10298957824, free=2411393024)
2022-03-28 21:34:40,142:INFO:Physical Core: 4
2022-03-28 21:34:40,142:INFO:Logical Core: 8
2022-03-28 21:34:40,143:INFO:Checking libraries
2022-03-28 21:34:40,143:INFO:pd==1.3.4
2022-03-28 21:34:40,143:INFO:numpy==1.19.5
2022-03-28 21:34:40,143:INFO:sklearn==0.23.2
2022-03-28 21:34:40,143:INFO:lightgbm==3.3.1
2022-03-28 21:34:40,146:WARNING:catboost not found
2022-03-28 21:34:40,148:WARNING:xgboost not found
2022-03-28 21:34:40,148:INFO:mlflow==1.22.0
2022-03-28 21:34:40,148:INFO:Checking Exceptions
2022-03-28 21:34:40,149:INFO:Declaring global variables
2022-03-28 21:34:40,149:INFO:USI: 52fb
2022-03-28 21:34:40,150:INFO:pycaret_globals: {'pycaret_globals', 'n_jobs_param', '_gpu_n_jobs_param', 'seed', 'gpu_param', 'imputation_regressor', 'logging_param', '_all_models_internal', 'display_container', 'fix_imbalance_param', 'create_model_container', 'X_test', 'USI', 'data_before_preprocess', 'fold_generator', 'fold_param', 'iterative_imputation_iters_param', 'imputation_classifier', 'y', '_ml_usecase', 'log_plots_param', 'fold_shuffle_param', 'fix_imbalance_method_param', 'transform_target_param', '_all_models', 'fold_groups_param', 'X', 'y_test', 'prep_pipe', 'stratify_param', 'exp_name_log', '_all_metrics', 'experiment__', 'html_param', 'transform_target_method_param', 'master_model_container', 'fold_groups_param_full', 'y_train', 'target_param', 'X_train', '_available_plots', '_internal_pipeline'}
2022-03-28 21:34:40,150:INFO:Preparing display monitor
2022-03-28 21:34:40,150:INFO:Preparing display monitor
2022-03-28 21:34:40,183:INFO:Importing libraries
2022-03-28 21:34:40,183:INFO:Copying data for preprocessing
2022-03-28 21:34:40,205:INFO:Declaring preprocessing parameters
2022-03-28 21:34:40,211:INFO:Setting up iterative imputation
2022-03-28 21:34:40,476:WARNING:Couldn't import xgboost.XGBClassifier
2022-03-28 21:34:40,477:WARNING:Couldn't import catboost.CatBoostClassifier
2022-03-28 21:34:40,641:WARNING:Couldn't import xgboost.XGBRegressor
2022-03-28 21:34:40,642:WARNING:Couldn't import catboost.CatBoostRegressor
2022-03-28 21:34:40,642:INFO:Creating preprocessing pipeline
2022-03-28 21:34:40,647:INFO:Preprocessing pipeline created successfully
2022-03-28 21:34:40,647:ERROR:(Process Exit): setup has been interupted with user command 'quit'. setup must rerun.
2022-03-28 21:34:40,648:INFO:Creating global containers
2022-03-28 21:34:40,648:INFO:Internal pipeline: Pipeline(memory=None, steps=[('empty_step', 'passthrough')], verbose=False)
2022-03-28 21:34:41,382:WARNING:Couldn't import xgboost.XGBClassifier
2022-03-28 21:34:41,382:WARNING:Couldn't import catboost.CatBoostClassifier
2022-03-28 21:34:41,464:WARNING:Couldn't import xgboost.XGBClassifier
2022-03-28 21:34:41,465:WARNING:Couldn't import catboost.CatBoostClassifier
2022-03-28 21:34:41,465:INFO:Creating grid variables
2022-03-28 21:34:41,479:INFO:create_model_container: 0
2022-03-28 21:34:41,479:INFO:master_model_container: 0
2022-03-28 21:34:41,479:INFO:display_container: 1
2022-03-28 21:34:59,539:INFO:PyCaret Supervised Module
2022-03-28 21:34:59,540:INFO:ML Usecase: classification
2022-03-28 21:34:59,541:INFO:version 2.3.5
2022-03-28 21:34:59,542:INFO:Initializing setup()
2022-03-28 21:34:59,542:INFO:setup(target=Churn, ml_usecase=classification, available_plots={'parameter': 'Hyperparameters', 'auc': 'AUC', 'confusion_matrix': 'Confusion Matrix', 'threshold': 'Threshold', 'pr': 'Precision Recall', 'error': 'Prediction Error', 'class_report': 'Class Report', 'rfe': 'Feature Selection', 'learning': 'Learning Curve', 'manifold': 'Manifold Learning', 'calibration': 'Calibration Curve', 'vc': 'Validation Curve', 'dimension': 'Dimensions', 'feature': 'Feature Importance', 'feature_all': 'Feature Importance (All)', 'boundary': 'Decision Boundary', 'lift': 'Lift Chart', 'gain': 'Gain Chart', 'tree': 'Decision Tree', 'ks': 'KS Statistic Plot'}, train_size=0.7, test_data=None, preprocess=True, imputation_type=iterative, iterative_imputation_iters=5, categorical_features=None, categorical_imputation=constant, categorical_iterative_imputer=lightgbm, ordinal_features=None, high_cardinality_features=None, high_cardinality_method=frequency, numeric_features=None, numeric_imputation=mean, numeric_iterative_imputer=lightgbm, date_features=None, ignore_features=None, normalize=False, normalize_method=zscore, transformation=False, transformation_method=yeo-johnson, handle_unknown_categorical=True, unknown_categorical_method=least_frequent, pca=False, pca_method=linear, pca_components=None, ignore_low_variance=False, combine_rare_levels=False, rare_level_threshold=0.1, bin_numeric_features=None, remove_outliers=False, outliers_threshold=0.05, remove_multicollinearity=False, multicollinearity_threshold=0.9, remove_perfect_collinearity=True, create_clusters=False, cluster_iter=20, polynomial_features=False, polynomial_degree=2, trigonometry_features=False, polynomial_threshold=0.1, group_features=None, group_names=None, feature_selection=False, feature_selection_threshold=0.8, feature_selection_method=classic, feature_interaction=False, feature_ratio=False, interaction_threshold=0.01, fix_imbalance=False, fix_imbalance_method=None, transform_target=False, transform_target_method=box-cox, data_split_shuffle=True, data_split_stratify=False, fold_strategy=stratifiedkfold, fold=10, fold_shuffle=False, fold_groups=None, n_jobs=-1, use_gpu=False, custom_pipeline=None, html=True, session_id=123, log_experiment=False, experiment_name=None, log_plots=False, log_profile=False, log_data=False, silent=False, verbose=True, profile=False, profile_kwargs=None, display=None)
2022-03-28 21:34:59,543:INFO:Checking environment
2022-03-28 21:34:59,544:INFO:python_version: 3.8.12
2022-03-28 21:34:59,544:INFO:python_build: ('default', 'Oct 12 2021 03:01:40')
2022-03-28 21:34:59,544:INFO:machine: AMD64
2022-03-28 21:34:59,544:INFO:platform: Windows-10-10.0.22000-SP0
2022-03-28 21:34:59,545:INFO:Memory: svmem(total=12710350848, available=2265935872, percent=82.2, used=10444414976, free=2265935872)
2022-03-28 21:34:59,545:INFO:Physical Core: 4
2022-03-28 21:34:59,545:INFO:Logical Core: 8
2022-03-28 21:34:59,545:INFO:Checking libraries
2022-03-28 21:34:59,545:INFO:pd==1.3.4
2022-03-28 21:34:59,545:INFO:numpy==1.19.5
2022-03-28 21:34:59,545:INFO:sklearn==0.23.2
2022-03-28 21:34:59,546:INFO:lightgbm==3.3.1
2022-03-28 21:34:59,548:WARNING:catboost not found
2022-03-28 21:34:59,551:WARNING:xgboost not found
2022-03-28 21:34:59,551:INFO:mlflow==1.22.0
2022-03-28 21:34:59,551:INFO:Checking Exceptions
2022-03-28 21:34:59,551:INFO:Declaring global variables
2022-03-28 21:34:59,552:INFO:USI: 6c8c
2022-03-28 21:34:59,552:INFO:pycaret_globals: {'pycaret_globals', 'n_jobs_param', '_gpu_n_jobs_param', 'seed', 'gpu_param', 'imputation_regressor', 'logging_param', '_all_models_internal', 'display_container', 'fix_imbalance_param', 'create_model_container', 'X_test', 'USI', 'data_before_preprocess', 'fold_generator', 'fold_param', 'iterative_imputation_iters_param', 'imputation_classifier', 'y', '_ml_usecase', 'log_plots_param', 'fold_shuffle_param', 'fix_imbalance_method_param', 'transform_target_param', '_all_models', 'fold_groups_param', 'X', 'y_test', 'prep_pipe', 'stratify_param', 'exp_name_log', '_all_metrics', 'experiment__', 'html_param', 'transform_target_method_param', 'master_model_container', 'fold_groups_param_full', 'y_train', 'target_param', 'X_train', '_available_plots', '_internal_pipeline'}
2022-03-28 21:34:59,552:INFO:Preparing display monitor
2022-03-28 21:34:59,552:INFO:Preparing display monitor
2022-03-28 21:34:59,591:INFO:Importing libraries
2022-03-28 21:34:59,591:INFO:Copying data for preprocessing
2022-03-28 21:34:59,619:INFO:Declaring preprocessing parameters
2022-03-28 21:34:59,625:INFO:Setting up iterative imputation
2022-03-28 21:34:59,828:WARNING:Couldn't import xgboost.XGBClassifier
2022-03-28 21:34:59,830:WARNING:Couldn't import catboost.CatBoostClassifier
2022-03-28 21:34:59,972:WARNING:Couldn't import xgboost.XGBRegressor
2022-03-28 21:34:59,974:WARNING:Couldn't import catboost.CatBoostRegressor
2022-03-28 21:34:59,974:INFO:Creating preprocessing pipeline
2022-03-28 21:35:00,000:INFO:Preprocessing pipeline created successfully
2022-03-28 21:35:00,000:ERROR:(Process Exit): setup has been interupted with user command 'quit'. setup must rerun.
2022-03-28 21:35:00,000:INFO:Creating global containers
2022-03-28 21:35:00,001:INFO:Internal pipeline: Pipeline(memory=None, steps=[('empty_step', 'passthrough')], verbose=False)
2022-03-28 21:35:03,210:WARNING:Couldn't import xgboost.XGBClassifier
2022-03-28 21:35:03,211:WARNING:Couldn't import catboost.CatBoostClassifier
2022-03-28 21:35:03,294:WARNING:Couldn't import xgboost.XGBClassifier
2022-03-28 21:35:03,295:WARNING:Couldn't import catboost.CatBoostClassifier
2022-03-28 21:35:03,295:INFO:Creating grid variables
2022-03-28 21:35:03,313:INFO:create_model_container: 0
2022-03-28 21:35:03,313:INFO:master_model_container: 0
2022-03-28 21:35:03,313:INFO:display_container: 1
2022-03-28 21:36:50,920:INFO:PyCaret Supervised Module
2022-03-28 21:36:50,921:INFO:ML Usecase: classification
2022-03-28 21:36:50,921:INFO:version 2.3.5
2022-03-28 21:36:50,921:INFO:Initializing setup()
2022-03-28 21:36:50,922:INFO:setup(target=Churn, ml_usecase=classification, available_plots={'parameter': 'Hyperparameters', 'auc': 'AUC', 'confusion_matrix': 'Confusion Matrix', 'threshold': 'Threshold', 'pr': 'Precision Recall', 'error': 'Prediction Error', 'class_report': 'Class Report', 'rfe': 'Feature Selection', 'learning': 'Learning Curve', 'manifold': 'Manifold Learning', 'calibration': 'Calibration Curve', 'vc': 'Validation Curve', 'dimension': 'Dimensions', 'feature': 'Feature Importance', 'feature_all': 'Feature Importance (All)', 'boundary': 'Decision Boundary', 'lift': 'Lift Chart', 'gain': 'Gain Chart', 'tree': 'Decision Tree', 'ks': 'KS Statistic Plot'}, train_size=0.7, test_data=None, preprocess=True, imputation_type=simple, iterative_imputation_iters=5, categorical_features=None, categorical_imputation=constant, categorical_iterative_imputer=lightgbm, ordinal_features=None, high_cardinality_features=None, high_cardinality_method=frequency, numeric_features=None, numeric_imputation=mean, numeric_iterative_imputer=lightgbm, date_features=None, ignore_features=None, normalize=False, normalize_method=zscore, transformation=False, transformation_method=yeo-johnson, handle_unknown_categorical=True, unknown_categorical_method=least_frequent, pca=False, pca_method=linear, pca_components=None, ignore_low_variance=False, combine_rare_levels=False, rare_level_threshold=0.1, bin_numeric_features=None, remove_outliers=False, outliers_threshold=0.05, remove_multicollinearity=False, multicollinearity_threshold=0.9, remove_perfect_collinearity=True, create_clusters=False, cluster_iter=20, polynomial_features=False, polynomial_degree=2, trigonometry_features=False, polynomial_threshold=0.1, group_features=None, group_names=None, feature_selection=False, feature_selection_threshold=0.8, feature_selection_method=classic, feature_interaction=False, feature_ratio=False, interaction_threshold=0.01, fix_imbalance=False, fix_imbalance_method=None, transform_target=False, transform_target_method=box-cox, data_split_shuffle=True, data_split_stratify=False, fold_strategy=stratifiedkfold, fold=10, fold_shuffle=False, fold_groups=None, n_jobs=-1, use_gpu=False, custom_pipeline=None, html=True, session_id=None, log_experiment=False, experiment_name=None, log_plots=False, log_profile=False, log_data=False, silent=False, verbose=True, profile=False, profile_kwargs=None, display=None)
2022-03-28 21:36:50,922:INFO:Checking environment
2022-03-28 21:36:50,922:INFO:python_version: 3.8.12
2022-03-28 21:36:50,922:INFO:python_build: ('default', 'Oct 12 2021 03:01:40')
2022-03-28 21:36:50,923:INFO:machine: AMD64
2022-03-28 21:36:50,923:INFO:platform: Windows-10-10.0.22000-SP0
2022-03-28 21:36:50,923:INFO:Memory: svmem(total=12710350848, available=2021105664, percent=84.1, used=10689245184, free=2021105664)
2022-03-28 21:36:50,923:INFO:Physical Core: 4
2022-03-28 21:36:50,923:INFO:Logical Core: 8
2022-03-28 21:36:50,923:INFO:Checking libraries
2022-03-28 21:36:50,923:INFO:pd==1.3.4
2022-03-28 21:36:50,924:INFO:numpy==1.19.5
2022-03-28 21:36:50,924:INFO:sklearn==0.23.2
2022-03-28 21:36:50,924:INFO:lightgbm==3.3.1
2022-03-28 21:36:50,926:WARNING:catboost not found
2022-03-28 21:36:50,927:WARNING:xgboost not found
2022-03-28 21:36:50,927:INFO:mlflow==1.22.0
2022-03-28 21:36:50,928:INFO:Checking Exceptions
2022-03-28 21:36:50,928:INFO:Declaring global variables
2022-03-28 21:36:50,928:INFO:USI: d454
2022-03-28 21:36:50,928:INFO:pycaret_globals: {'pycaret_globals', 'n_jobs_param', '_gpu_n_jobs_param', 'seed', 'gpu_param', 'imputation_regressor', 'logging_param', '_all_models_internal', 'display_container', 'fix_imbalance_param', 'create_model_container', 'X_test', 'USI', 'data_before_preprocess', 'fold_generator', 'fold_param', 'iterative_imputation_iters_param', 'imputation_classifier', 'y', '_ml_usecase', 'log_plots_param', 'fold_shuffle_param', 'fix_imbalance_method_param', 'transform_target_param', '_all_models', 'fold_groups_param', 'X', 'y_test', 'prep_pipe', 'stratify_param', 'exp_name_log', '_all_metrics', 'experiment__', 'html_param', 'transform_target_method_param', 'master_model_container', 'fold_groups_param_full', 'y_train', 'target_param', 'X_train', '_available_plots', '_internal_pipeline'}
2022-03-28 21:36:50,928:INFO:Preparing display monitor
2022-03-28 21:36:50,928:INFO:Preparing display monitor
2022-03-28 21:36:50,957:INFO:Importing libraries
2022-03-28 21:36:50,958:INFO:Copying data for preprocessing
2022-03-28 21:36:50,979:INFO:Declaring preprocessing parameters
2022-03-28 21:36:50,984:INFO:Creating preprocessing pipeline
2022-03-28 21:36:51,029:INFO:Preprocessing pipeline created successfully
2022-03-28 21:36:51,030:ERROR:(Process Exit): setup has been interupted with user command 'quit'. setup must rerun.
2022-03-28 21:36:51,030:INFO:Creating global containers
2022-03-28 21:36:51,031:INFO:Internal pipeline: Pipeline(memory=None, steps=[('empty_step', 'passthrough')], verbose=False)
2022-03-28 21:37:01,058:WARNING:Couldn't import xgboost.XGBClassifier
2022-03-28 21:37:01,059:WARNING:Couldn't import catboost.CatBoostClassifier
2022-03-28 21:37:01,141:WARNING:Couldn't import xgboost.XGBClassifier
2022-03-28 21:37:01,142:WARNING:Couldn't import catboost.CatBoostClassifier
2022-03-28 21:37:01,143:INFO:Creating grid variables
2022-03-28 21:37:01,160:INFO:create_model_container: 0
2022-03-28 21:37:01,160:INFO:master_model_container: 0
2022-03-28 21:37:01,160:INFO:display_container: 1
